<?xml version="1.0" encoding="UTF-8"?>
<testExecutions version="1">
  <file path="/data/data/com.termux/files/home/workspace/ng-blog/src/app/blog-fetcher.service.spec.ts">
    <testCase name="BlogFetcherService should be created" duration="208"/>
    <testCase name="BlogFetcherService #getBlogs should return value from observable" duration="81"/>
    <testCase name="BlogFetcherService #fetchBlogById should return a Blog" duration="59"/>
  </file>
  <file path="/data/data/com.termux/files/home/workspace/ng-blog/src/app/app.component.spec.ts">
    <testCase name="AppComponent should create the app" duration="468"/>
    <testCase name="AppComponent should have as title &apos;app&apos;" duration="202"/>
    <testCase name="AppComponent should render title in a h1 tag" duration="207"/>
  </file>
  <file path="/data/data/com.termux/files/home/workspace/ng-blog/src/app/in-memory-data.service.spec.ts">
    <testCase name="InMemoryDataService should be created" duration="86"/>
  </file>
</testExecutions>